# JRE version: OpenJDK Runtime Environment (8.0_152-b01) (build 1.8.0_152-release-1024-b01)
# Java VM: OpenJDK 64-Bit Server VM (25.152-b01 mixed mode linux-amd64 compressed oops)
Heap:
 PSYoungGen      total 379904K, used 0K [0x00000000e0000000, 0x0000000100000000, 0x0000000100000000)
  eden space 260096K, 0% used [0x00000000e0000000,0x00000000e0000000,0x00000000efe00000)
  from space 119808K, 0% used [0x00000000f8780000,0x00000000f8780000,0x00000000ffc80000)
  to   space 132096K, 0% used [0x00000000efe00000,0x00000000efe00000,0x00000000f7f00000)
 ParOldGen       total 459264K, used 232227K [0x00000000a0000000, 0x00000000bc080000, 0x00000000e0000000)
  object space 459264K, 50% used [0x00000000a0000000,0x00000000ae2c8d60,0x00000000bc080000)
 Metaspace       used 187481K, capacity 194933K, committed 207872K, reserved 1226752K
  class space    used 22671K, capacity 24362K, committed 31488K, reserved 1048576K
GC Heap History (10 events):
Event: 5525,916 GC heap after
Heap after GC invocations=105 (full 15):
 PSYoungGen      total 392192K, used 27185K [0x00000000e0000000, 0x0000000100000000, 0x0000000100000000)
  eden space 268800K, 0% used [0x00000000e0000000,0x00000000e0000000,0x00000000f0680000)
  from space 123392K, 22% used [0x00000000f7e00000,0x00000000f988c730,0x00000000ff680000)
  to   space 122368K, 0% used [0x00000000f0680000,0x00000000f0680000,0x00000000f7e00000)
 ParOldGen       total 459264K, used 245786K [0x00000000a0000000, 0x00000000bc080000, 0x00000000e0000000)
  object space 459264K, 53% used [0x00000000a0000000,0x00000000af006a68,0x00000000bc080000)
 Metaspace       used 186713K, capacity 194121K, committed 202752K, reserved 1220608K
  class space    used 22593K, capacity 24258K, committed 31488K, reserved 1048576K
}
Event: 5649,209 GC heap before
{Heap before GC invocations=106 (full 15):
 PSYoungGen      total 392192K, used 295985K [0x00000000e0000000, 0x0000000100000000, 0x0000000100000000)
  eden space 268800K, 100% used [0x00000000e0000000,0x00000000f0680000,0x00000000f0680000)
  from space 123392K, 22% used [0x00000000f7e00000,0x00000000f988c730,0x00000000ff680000)
  to   space 122368K, 0% used [0x00000000f0680000,0x00000000f0680000,0x00000000f7e00000)
 ParOldGen       total 459264K, used 245786K [0x00000000a0000000, 0x00000000bc080000, 0x00000000e0000000)
  object space 459264K, 53% used [0x00000000a0000000,0x00000000af006a68,0x00000000bc080000)
 Metaspace       used 187073K, capacity 194497K, committed 202752K, reserved 1220608K
  class space    used 22630K, capacity 24298K, committed 31488K, reserved 1048576K
Event: 5649,266 GC heap after
Heap after GC invocations=106 (full 15):
 PSYoungGen      total 391168K, used 20649K [0x00000000e0000000, 0x00000000ffe00000, 0x0000000100000000)
  eden space 268800K, 0% used [0x00000000e0000000,0x00000000e0000000,0x00000000f0680000)
  from space 122368K, 16% used [0x00000000f0680000,0x00000000f1aaa408,0x00000000f7e00000)
  to   space 121856K, 0% used [0x00000000f8700000,0x00000000f8700000,0x00000000ffe00000)
 ParOldGen       total 459264K, used 262140K [0x00000000a0000000, 0x00000000bc080000, 0x00000000e0000000)
  object space 459264K, 57% used [0x00000000a0000000,0x00000000affff038,0x00000000bc080000)
 Metaspace       used 187073K, capacity 194497K, committed 202752K, reserved 1220608K
  class space    used 22630K, capacity 24298K, committed 31488K, reserved 1048576K
}
Event: 5649,954 GC heap before
{Heap before GC invocations=107 (full 15):
 PSYoungGen      total 391168K, used 289449K [0x00000000e0000000, 0x00000000ffe00000, 0x0000000100000000)
  eden space 268800K, 100% used [0x00000000e0000000,0x00000000f0680000,0x00000000f0680000)
  from space 122368K, 16% used [0x00000000f0680000,0x00000000f1aaa408,0x00000000f7e00000)
  to   space 121856K, 0% used [0x00000000f8700000,0x00000000f8700000,0x00000000ffe00000)
 ParOldGen       total 459264K, used 262140K [0x00000000a0000000, 0x00000000bc080000, 0x00000000e0000000)
  object space 459264K, 57% used [0x00000000a0000000,0x00000000affff038,0x00000000bc080000)
 Metaspace       used 189772K, capacity 197433K, committed 204288K, reserved 1222656K
  class space    used 22946K, capacity 24710K, committed 31488K, reserved 1048576K
Event: 5649,986 GC heap after
Heap after GC invocations=107 (full 15):
 PSYoungGen      total 400896K, used 68918K [0x00000000e0000000, 0x00000000ffe80000, 0x0000000100000000)
  eden space 279040K, 0% used [0x00000000e0000000,0x00000000e0000000,0x00000000f1080000)
  from space 121856K, 56% used [0x00000000f8700000,0x00000000fca4d9a0,0x00000000ffe00000)
  to   space 121344K, 0% used [0x00000000f1080000,0x00000000f1080000,0x00000000f8700000)
 ParOldGen       total 459264K, used 266947K [0x00000000a0000000, 0x00000000bc080000, 0x00000000e0000000)
  object space 459264K, 58% used [0x00000000a0000000,0x00000000b04b0cc8,0x00000000bc080000)
 Metaspace       used 189772K, capacity 197433K, committed 204288K, reserved 1222656K
  class space    used 22946K, capacity 24710K, committed 31488K, reserved 1048576K
}
Event: 5651,662 GC heap before
{Heap before GC invocations=108 (full 15):
 PSYoungGen      total 400896K, used 347958K [0x00000000e0000000, 0x00000000ffe80000, 0x0000000100000000)
  eden space 279040K, 100% used [0x00000000e0000000,0x00000000f1080000,0x00000000f1080000)
  from space 121856K, 56% used [0x00000000f8700000,0x00000000fca4d9a0,0x00000000ffe00000)
  to   space 121344K, 0% used [0x00000000f1080000,0x00000000f1080000,0x00000000f8700000)
 ParOldGen       total 459264K, used 266947K [0x00000000a0000000, 0x00000000bc080000, 0x00000000e0000000)
  object space 459264K, 58% used [0x00000000a0000000,0x00000000b04b0cc8,0x00000000bc080000)
 Metaspace       used 201565K, capacity 209511K, committed 214784K, reserved 1232896K
  class space    used 24480K, capacity 26299K, committed 31488K, reserved 1048576K
Event: 5651,733 GC heap after
Heap after GC invocations=108 (full 15):
 PSYoungGen      total 400384K, used 22167K [0x00000000e0000000, 0x00000000ffc80000, 0x0000000100000000)
  eden space 279040K, 0% used [0x00000000e0000000,0x00000000e0000000,0x00000000f1080000)
  from space 121344K, 18% used [0x00000000f1080000,0x00000000f2625f40,0x00000000f8700000)
  to   space 119808K, 0% used [0x00000000f8780000,0x00000000f8780000,0x00000000ffc80000)
 ParOldGen       total 459264K, used 330256K [0x00000000a0000000, 0x00000000bc080000, 0x00000000e0000000)
  object space 459264K, 71% used [0x00000000a0000000,0x00000000b42842f0,0x00000000bc080000)
 Metaspace       used 201565K, capacity 209511K, committed 214784K, reserved 1232896K
  class space    used 24480K, capacity 26299K, committed 31488K, reserved 1048576K
}
Event: 5652,535 GC heap before
{Heap before GC invocations=109 (full 15):
 PSYoungGen      total 400384K, used 301207K [0x00000000e0000000, 0x00000000ffc80000, 0x0000000100000000)
  eden space 279040K, 100% used [0x00000000e0000000,0x00000000f1080000,0x00000000f1080000)
  from space 121344K, 18% used [0x00000000f1080000,0x00000000f2625f40,0x00000000f8700000)
  to   space 119808K, 0% used [0x00000000f8780000,0x00000000f8780000,0x00000000ffc80000)
 ParOldGen       total 459264K, used 330256K [0x00000000a0000000, 0x00000000bc080000, 0x00000000e0000000)
  object space 459264K, 71% used [0x00000000a0000000,0x00000000b42842f0,0x00000000bc080000)
 Metaspace       used 202875K, capacity 211081K, committed 216064K, reserved 1234944K
  class space    used 24669K, capacity 26530K, committed 31488K, reserved 1048576K
Event: 5652,590 GC heap after
Heap after GC invocations=109 (full 15):
 PSYoungGen      total 379904K, used 102821K [0x00000000e0000000, 0x0000000100000000, 0x0000000100000000)
  eden space 260096K, 0% used [0x00000000e0000000,0x00000000e0000000,0x00000000efe00000)
  from space 119808K, 85% used [0x00000000f8780000,0x00000000febe96c8,0x00000000ffc80000)
  to   space 132096K, 0% used [0x00000000efe00000,0x00000000efe00000,0x00000000f7f00000)
 ParOldGen       total 459264K, used 341497K [0x00000000a0000000, 0x00000000bc080000, 0x00000000e0000000)
  object space 459264K, 74% used [0x00000000a0000000,0x00000000b4d7e7c0,0x00000000bc080000)
 Metaspace       used 202875K, capacity 211081K, committed 216064K, reserved 1234944K
  class space    used 24669K, capacity 26530K, committed 31488K, reserved 1048576K
}
Event: 5652,590 GC heap before
{Heap before GC invocations=110 (full 16):
 PSYoungGen      total 379904K, used 102821K [0x00000000e0000000, 0x0000000100000000, 0x0000000100000000)
  eden space 260096K, 0% used [0x00000000e0000000,0x00000000e0000000,0x00000000efe00000)
  from space 119808K, 85% used [0x00000000f8780000,0x00000000febe96c8,0x00000000ffc80000)
  to   space 132096K, 0% used [0x00000000efe00000,0x00000000efe00000,0x00000000f7f00000)
 ParOldGen       total 459264K, used 341497K [0x00000000a0000000, 0x00000000bc080000, 0x00000000e0000000)
  object space 459264K, 74% used [0x00000000a0000000,0x00000000b4d7e7c0,0x00000000bc080000)
 Metaspace       used 202875K, capacity 211081K, committed 216064K, reserved 1234944K
  class space    used 24669K, capacity 26530K, committed 31488K, reserved 1048576K

